\BOOKMARK [1][-]{section*.2}{\376\377\000P\000r\000e\000f\000a\000c\000e}{}% 1
\BOOKMARK [1][-]{section.1}{\376\377\000G\000e\000n\000e\000r\000a\000t\000i\000n\000g\000\040\000a\000l\000l\000\040\000P\000y\000t\000h\000a\000g\000o\000r\000e\000a\000n\000\040\000t\000r\000i\000p\000l\000e\000s}{}% 2
\BOOKMARK [2][-]{subsection.1.1}{\376\377\000E\000u\000c\000l\000i\000d\000'\000s\000\040\000F\000o\000r\000m\000u\000l\000a}{section.1}% 3
\BOOKMARK [2][-]{subsection.1.2}{\376\377\000U\000s\000i\000n\000g\000\040\000G\000a\000u\000s\000s\000i\000a\000n\000\040\000I\000n\000t\000e\000g\000e\000r\000s}{section.1}% 4
\BOOKMARK [2][-]{subsection.1.3}{\376\377\000T\000h\000e\000\040\000D\000i\000f\000f\000e\000r\000e\000n\000c\000e\000\040\000M\000e\000t\000h\000o\000d}{section.1}% 5
\BOOKMARK [1][-]{section.2}{\376\377\000F\000i\000n\000d\000i\000n\000g\000\040\000m\000\040\000a\000n\000d\000\040\000n\000\040\000i\000f\000\040\000g\000i\000v\000e\000n\000\040\000a\000\040\000p\000r\000i\000m\000i\000t\000i\000v\000e\000\040\000P\000y\000t\000h\000a\000g\000o\000r\000e\000a\000n\000\040\000t\000r\000i\000p\000l\000e}{}% 6
\BOOKMARK [1][-]{section.3}{\376\377\000P\000y\000t\000h\000a\000g\000o\000r\000e\000a\000n\000\040\000t\000r\000i\000p\000l\000e\000s\000\040\000a\000n\000d\000\040\000t\000h\000e\000\040\000d\000i\000v\000i\000s\000o\000r\000s\000\040\0003\000,\000\040\0004\000,\000\040\000a\000n\000d\000\040\0005}{}% 7
\BOOKMARK [1][-]{section.4}{\376\377\000P\000r\000i\000m\000i\000t\000i\000v\000e\000\040\000P\000y\000t\000h\000a\000g\000o\000r\000e\000a\000n\000\040\000t\000r\000i\000a\000n\000g\000l\000e\000s\000\040\000w\000h\000e\000r\000e\000\040\000a\000\040\000-\000\040\000b\000\040\000i\000s\000\040\000a\000\040\000c\000o\000n\000s\000t\000a\000n\000t}{}% 8
\BOOKMARK [2][-]{subsection.4.1}{\376\377\000P\000y\000t\000h\000a\000g\000o\000r\000e\000a\000n\000\040\000t\000r\000i\000p\000l\000e\000\040\000p\000r\000e\000s\000e\000r\000v\000i\000n\000g\000\040\000m\000a\000t\000r\000i\000c\000e\000s}{section.4}% 9
\BOOKMARK [2][-]{subsection.4.2}{\376\377\000c\000-\000a\000\040\000o\000r\000\040\000c\000-\000b\000\040\000a\000\040\000c\000o\000n\000s\000t\000a\000n\000t\000\040\000b\000y\000\040\000m\000a\000t\000r\000i\000x\000\040\000a\000c\000t\000i\000o\000n}{section.4}% 10
\BOOKMARK [1][-]{section.5}{\376\377\000P\000r\000i\000m\000i\000t\000i\000v\000e\000\040\000P\000y\000t\000h\000a\000g\000o\000r\000e\000a\000n\000\040\000t\000r\000i\000a\000n\000g\000l\000e\000s\000\040\000w\000h\000e\000r\000e\000\040\000t\000h\000e\000\040\000h\000y\000p\000o\000t\000e\000n\000u\000s\000e\000\040\000i\000s\000\040\000t\000o\000\040\000a\000\040\000p\000o\000w\000e\000r}{}% 11
\BOOKMARK [2][-]{subsection.5.1}{\376\377\000S\000o\000m\000e\000\040\000p\000r\000i\000m\000e\000\040\000d\000i\000v\000i\000s\000o\000r\000s\000\040\000o\000f\000\040\000p\000r\000i\000m\000i\000t\000i\000v\000e\000\040\000P\000y\000t\000h\000a\000g\000o\000r\000e\000a\000n\000\040\000t\000r\000i\000a\000n\000g\000l\000e\000s}{section.5}% 12
\BOOKMARK [2][-]{subsection.5.2}{\376\377\000T\000h\000e\000\040\000d\000i\000v\000i\000s\000o\000r\000\040\0004\000\040\000=\000\040\0002\0000\000+\0002}{section.5}% 13
\BOOKMARK [1][-]{section.6}{\376\377\000P\000r\000i\000m\000i\000t\000i\000v\000e\000\040\000P\000y\000t\000h\000a\000g\000o\000r\000e\000a\000n\000\040\000t\000r\000i\000p\000l\000e\000s\000\040\000w\000h\000e\000r\000e\000\040\000t\000h\000e\000\040\000o\000d\000d\000\040\000l\000e\000g\000\040\000i\000s\000\040\000t\000o\000\040\000a\000\040\000p\000o\000w\000e\000r}{}% 14
\BOOKMARK [1][-]{section.7}{\376\377\000A\000r\000e\000a\000\040\000o\000f\000\040\000a\000\040\000p\000r\000i\000m\000i\000t\000i\000v\000e\000\040\000P\000y\000t\000h\000a\000g\000o\000r\000e\000a\000n\000\040\000t\000r\000i\000a\000n\000g\000l\000e\000\040\000a\000n\000d\000\040\000t\000h\000e\000\040\000p\000e\000r\000f\000e\000c\000t\000\040\000n\000u\000m\000b\000e\000r\000s}{}% 15
\BOOKMARK [1][-]{section.8}{\376\377\000P\000y\000t\000h\000a\000g\000o\000r\000e\000a\000n\000\040\000t\000r\000i\000p\000l\000e\000s\000\040\000a\000n\000d\000\040\000m\000u\000l\000t\000i\000p\000l\000i\000c\000a\000t\000i\000o\000n}{}% 16
\BOOKMARK [2][-]{subsection.8.1}{\376\377\000D\000i\000f\000f\000e\000r\000e\000n\000c\000e\000\040\000o\000f\000\040\000t\000w\000o\000\040\000s\000q\000u\000a\000r\000e\000s}{section.8}% 17
\BOOKMARK [2][-]{subsection.8.2}{\376\377\000M\000u\000l\000t\000i\000p\000l\000y\000i\000n\000g\000\040\000P\000y\000t\000h\000a\000g\000o\000r\000e\000a\000n\000\040\000t\000r\000i\000p\000l\000e\000s}{section.8}% 18
\BOOKMARK [2][-]{subsection.8.3}{\376\377\000P\000e\000r\000f\000e\000c\000t\000\040\000s\000q\000u\000a\000r\000e\000s}{section.8}% 19
\BOOKMARK [2][-]{subsection.8.4}{\376\377\000P\000r\000i\000m\000i\000t\000i\000v\000e\000\040\000P\000y\000t\000h\000a\000g\000o\000r\000e\000a\000n\000\040\000t\000r\000i\000p\000l\000e\000s\000\040\000f\000r\000o\000m\000\040\000t\000h\000e\000\040\0003\040\023\0004\040\023\0005\000\040\000t\000r\000i\000a\000n\000g\000l\000e}{section.8}% 20
\BOOKMARK [1][-]{section.9}{\376\377\000F\000i\000n\000d\000i\000n\000g\000\040\000p\000a\000r\000a\000m\000e\000t\000r\000i\000c\000\040\000e\000q\000u\000a\000t\000i\000o\000n\000s\000\040\000f\000o\000r\000\040\0001\0002\0000\000\040\000d\000e\000g\000r\000e\000e\000\040\000t\000r\000i\000p\000l\000e\000s}{}% 21
\BOOKMARK [2][-]{subsection.9.1}{\376\377\000U\000s\000i\000n\000g\000\040\000E\000i\000s\000e\000n\000s\000t\000e\000i\000n\000\040\000n\000u\000m\000b\000e\000r\000s}{section.9}% 22
\BOOKMARK [2][-]{subsection.9.2}{\376\377\000F\000i\000n\000d\000i\000n\000g\000\040\000p\000a\000r\000a\000m\000e\000t\000r\000i\000c\000\040\000e\000q\000u\000a\000t\000i\000o\000n\000s\000\040\000f\000o\000r\000\040\0006\0000\000\040\000d\000e\000g\000r\000e\000e\000\040\000t\000r\000i\000p\000l\000e\000s}{section.9}% 23
\BOOKMARK [1][-]{section.10}{\376\377\000B\000i\000b\000l\000i\000o\000g\000r\000a\000p\000h\000y}{}% 24
\BOOKMARK [1][-]{section.11}{\376\377\000A\000p\000p\000e\000n\000d\000i\000x}{}% 25
\BOOKMARK [2][-]{subsection.11.1}{\376\377\000A\000\040\000r\000e\000c\000i\000p\000e\000\040\000f\000o\000r\000\040\000c\000r\000e\000a\000t\000i\000n\000g\000\040\000l\000i\000f\000e\000\040\000f\000r\000o\000m\000\040\000i\000n\000a\000n\000i\000m\000a\000t\000e\000\040\000o\000b\000j\000e\000c\000t\000s}{section.11}% 26
\BOOKMARK [2][-]{subsection.11.2}{\376\377\000M\000a\000n\000y\000\040\000W\000o\000r\000l\000d\000s}{section.11}% 27
